Building documentation...
Initializing...
Merging XML documentation...
Building file mapping...
Loading XSLT files...
    namespace.xslt
    namespacehierarchy.xslt
    type.xslt
    typehierarchy.xslt
    allmembers.xslt
    individualmembers.xslt
    event.xslt
    member.xslt
    memberoverload.xslt
    property.xslt
    field.xslt
    htmlcontents.xslt
Generating HTML pages...
System.Data.SQLite.html
System.Data.SQLiteHierarchy.html
System.Data.SQLite.DateTimeFormat.html
System.Data.SQLite.FunctionType.html
System.Data.SQLite.SQLiteCommand.html
System.Data.SQLite.SQLiteCommandMembers.html
System.Data.SQLite.SQLiteCommandConstructor.html
System.Data.SQLite.SQLiteCommandConstructor1.html
System.Data.SQLite.SQLiteCommandConstructor2.html
System.Data.SQLite.SQLiteCommandConstructor3.html
System.Data.SQLite.SQLiteCommandConstructor4.html
System.Data.SQLite.SQLiteCommandProperties.html
System.Data.SQLite.SQLiteCommand.CommandText.html
System.Data.SQLite.SQLiteCommand.CommandTimeout.html
System.Data.SQLite.SQLiteCommand.CommandType.html
System.Data.SQLite.SQLiteCommand.DesignTimeVisible.html
System.Data.SQLite.SQLiteCommand.UpdatedRowSource.html
System.Data.SQLite.SQLiteCommandMethods.html
System.Data.SQLite.SQLiteCommand.Cancel.html
System.Data.SQLite.SQLiteCommand.ExecuteNonQuery.html
System.Data.SQLite.SQLiteCommand.ExecuteScalar.html
System.Data.SQLite.SQLiteCommand.Prepare.html
System.Data.SQLite.SQLiteCommandBuilder.html
System.Data.SQLite.SQLiteCommandBuilderMembers.html
System.Data.SQLite.SQLiteCommandBuilderConstructor.html
System.Data.SQLite.SQLiteCommandBuilderConstructor1.html
System.Data.SQLite.SQLiteCommandBuilderConstructor2.html
System.Data.SQLite.SQLiteConnection.html
System.Data.SQLite.SQLiteConnectionMembers.html
System.Data.SQLite.SQLiteConnectionConstructor.html
System.Data.SQLite.SQLiteConnectionConstructor1.html
System.Data.SQLite.SQLiteConnectionConstructor2.html
System.Data.SQLite.SQLiteConnectionConstructor3.html
System.Data.SQLite.SQLiteConnectionProperties.html
System.Data.SQLite.SQLiteConnection.ConnectionString.html
System.Data.SQLite.SQLiteConnection.Database.html
System.Data.SQLite.SQLiteConnection.DataSource.html
System.Data.SQLite.SQLiteConnection.ServerVersion.html
System.Data.SQLite.SQLiteConnection.State.html
System.Data.SQLite.SQLiteConnectionMethods.html
System.Data.SQLite.SQLiteConnection.ChangeDatabase.html
System.Data.SQLite.SQLiteConnection.Clone.html
System.Data.SQLite.SQLiteConnection.Close.html
System.Data.SQLite.SQLiteConnection.GetSchema_overloads.html
System.Data.SQLite.SQLiteConnection.GetSchema_overload_1.html
System.Data.SQLite.SQLiteConnection.GetSchema_overload_2.html
System.Data.SQLite.SQLiteConnection.GetSchema_overload_3.html
System.Data.SQLite.SQLiteConnection.Open.html
System.Data.SQLite.SQLiteConnectionEvents.html
System.Data.SQLite.SQLiteConnection.StateChange.html
System.Data.SQLite.SQLiteConnectionStringBuilder.html
System.Data.SQLite.SQLiteConnectionStringBuilderMembers.html
System.Data.SQLite.SQLiteConnectionStringBuilderConstructor.html
System.Data.SQLite.SQLiteConnectionStringBuilderConstructor1.html
System.Data.SQLite.SQLiteConnectionStringBuilderConstructor2.html
System.Data.SQLite.SQLiteConnectionStringBuilderProperties.html
System.Data.SQLite.SQLiteConnectionStringBuilder.CacheSize.html
System.Data.SQLite.SQLiteConnectionStringBuilder.DataSource.html
System.Data.SQLite.SQLiteConnectionStringBuilder.DateTimeFormat.html
System.Data.SQLite.SQLiteConnectionStringBuilder.PageSize.html
System.Data.SQLite.SQLiteConnectionStringBuilder.SyncMode.html
System.Data.SQLite.SQLiteConnectionStringBuilder.UseUTF16Encoding.html
System.Data.SQLite.SQLiteConnectionStringBuilder.Version.html
System.Data.SQLite.SQLiteConvert.html
System.Data.SQLite.SQLiteConvertMembers.html
System.Data.SQLite.SQLiteConvertMethods.html
System.Data.SQLite.SQLiteConvert.Split.html
System.Data.SQLite.SQLiteConvert.ToDateTime.html
System.Data.SQLite.SQLiteConvert.ToString_overloads.html
System.Data.SQLite.SQLiteConvert.ToString_overload_2.html
System.Data.SQLite.SQLiteConvert.ToString_overload_1.html
System.Data.SQLite.SQLiteConvert.ToUTF8_overloads.html
System.Data.SQLite.SQLiteConvert.ToUTF8_overload_2.html
System.Data.SQLite.SQLiteConvert.ToUTF8_overload_1.html
System.Data.SQLite.SQLiteConvert.TryToDateTime.html
System.Data.SQLite.SQLiteDataAdapter.html
System.Data.SQLite.SQLiteDataAdapterMembers.html
System.Data.SQLite.SQLiteDataAdapterConstructor.html
System.Data.SQLite.SQLiteDataAdapterConstructor1.html
System.Data.SQLite.SQLiteDataAdapterConstructor2.html
System.Data.SQLite.SQLiteDataAdapterConstructor3.html
System.Data.SQLite.SQLiteDataAdapterConstructor4.html
System.Data.SQLite.SQLiteDataReader.html
System.Data.SQLite.SQLiteDataReaderMembers.html
System.Data.SQLite.SQLiteDataReaderProperties.html
System.Data.SQLite.SQLiteDataReader.Depth.html
System.Data.SQLite.SQLiteDataReader.FieldCount.html
System.Data.SQLite.SQLiteDataReader.HasRows.html
System.Data.SQLite.SQLiteDataReader.IsClosed.html
System.Data.SQLite.SQLiteDataReaderItem.html
System.Data.SQLite.SQLiteDataReader.Item2.html
System.Data.SQLite.SQLiteDataReader.Item1.html
System.Data.SQLite.SQLiteDataReader.RecordsAffected.html
System.Data.SQLite.SQLiteDataReaderMethods.html
System.Data.SQLite.SQLiteDataReader.Close.html
System.Data.SQLite.SQLiteDataReader.Dispose.html
System.Data.SQLite.SQLiteDataReader.GetBoolean.html
System.Data.SQLite.SQLiteDataReader.GetByte.html
System.Data.SQLite.SQLiteDataReader.GetBytes.html
System.Data.SQLite.SQLiteDataReader.GetChar.html
System.Data.SQLite.SQLiteDataReader.GetChars.html
System.Data.SQLite.SQLiteDataReader.GetDataTypeName.html
System.Data.SQLite.SQLiteDataReader.GetDateTime.html
System.Data.SQLite.SQLiteDataReader.GetDecimal.html
System.Data.SQLite.SQLiteDataReader.GetDouble.html
System.Data.SQLite.SQLiteDataReader.GetEnumerator.html
System.Data.SQLite.SQLiteDataReader.GetFieldType.html
System.Data.SQLite.SQLiteDataReader.GetFloat.html
System.Data.SQLite.SQLiteDataReader.GetGuid.html
System.Data.SQLite.SQLiteDataReader.GetInt16.html
System.Data.SQLite.SQLiteDataReader.GetInt32.html
System.Data.SQLite.SQLiteDataReader.GetInt64.html
System.Data.SQLite.SQLiteDataReader.GetName.html
System.Data.SQLite.SQLiteDataReader.GetOrdinal.html
System.Data.SQLite.SQLiteDataReader.GetSchemaTable.html
System.Data.SQLite.SQLiteDataReader.GetString.html
System.Data.SQLite.SQLiteDataReader.GetValue.html
System.Data.SQLite.SQLiteDataReader.GetValues.html
System.Data.SQLite.SQLiteDataReader.IsDBNull.html
System.Data.SQLite.SQLiteDataReader.NextResult.html
System.Data.SQLite.SQLiteDataReader.Read.html
System.Data.SQLite.SQLiteException.html
System.Data.SQLite.SQLiteExceptionMembers.html
System.Data.SQLite.SQLiteFactory.html
System.Data.SQLite.SQLiteFactoryMembers.html
System.Data.SQLite.SQLiteFactoryConstructor.html
System.Data.SQLite.SQLiteFactoryFields.html
System.Data.SQLite.SQLiteFactory.Instance.html
System.Data.SQLite.SQLiteFactoryProperties.html
System.Data.SQLite.SQLiteFactory.SupportedClasses.html
System.Data.SQLite.SQLiteFactoryMethods.html
System.Data.SQLite.SQLiteFactory.CreateCommand.html
System.Data.SQLite.SQLiteFactory.CreateCommandBuilder.html
System.Data.SQLite.SQLiteFactory.CreateConnection.html
System.Data.SQLite.SQLiteFactory.CreateConnectionStringBuilder.html
System.Data.SQLite.SQLiteFactory.CreateDataAdapter.html
System.Data.SQLite.SQLiteFactory.CreateParameter.html
System.Data.SQLite.SQLiteFunction.html
System.Data.SQLite.SQLiteFunctionMembers.html
System.Data.SQLite.SQLiteFunctionConstructor.html
System.Data.SQLite.SQLiteFunctionProperties.html
System.Data.SQLite.SQLiteFunction.SQLiteConvert.html
System.Data.SQLite.SQLiteFunctionMethods.html
System.Data.SQLite.SQLiteFunction.Compare.html
System.Data.SQLite.SQLiteFunction.Dispose_overloads.html
System.Data.SQLite.SQLiteFunction.Dispose_overload_2.html
System.Data.SQLite.SQLiteFunction.Dispose_overload_1.html
System.Data.SQLite.SQLiteFunction.Final.html
System.Data.SQLite.SQLiteFunction.Invoke.html
System.Data.SQLite.SQLiteFunction.RegisterFunction.html
System.Data.SQLite.SQLiteFunction.Step.html
System.Data.SQLite.SQLiteFunctionAttribute.html
System.Data.SQLite.SQLiteFunctionAttributeMembers.html
System.Data.SQLite.SQLiteFunctionAttributeConstructor.html
System.Data.SQLite.SQLiteFunctionAttributeFields.html
System.Data.SQLite.SQLiteFunctionAttribute.Arguments.html
System.Data.SQLite.SQLiteFunctionAttribute.FuncType.html
System.Data.SQLite.SQLiteFunctionAttribute.Name.html
System.Data.SQLite.SQLiteParameter.html
System.Data.SQLite.SQLiteParameterMembers.html
System.Data.SQLite.SQLiteParameterConstructor.html
System.Data.SQLite.SQLiteParameterConstructor1.html
System.Data.SQLite.SQLiteParameterConstructor2.html
System.Data.SQLite.SQLiteParameterConstructor3.html
System.Data.SQLite.SQLiteParameterConstructor4.html
System.Data.SQLite.SQLiteParameterConstructor5.html
System.Data.SQLite.SQLiteParameterConstructor6.html
System.Data.SQLite.SQLiteParameterConstructor7.html
System.Data.SQLite.SQLiteParameterConstructor8.html
System.Data.SQLite.SQLiteParameterConstructor9.html
System.Data.SQLite.SQLiteParameterConstructor10.html
System.Data.SQLite.SQLiteParameterConstructor11.html
System.Data.SQLite.SQLiteParameterConstructor12.html
System.Data.SQLite.SQLiteParameterConstructor13.html
System.Data.SQLite.SQLiteParameterConstructor14.html
System.Data.SQLite.SQLiteParameterProperties.html
System.Data.SQLite.SQLiteParameter.DbType.html
System.Data.SQLite.SQLiteParameter.Direction.html
System.Data.SQLite.SQLiteParameter.IsNullable.html
System.Data.SQLite.SQLiteParameter.Offset.html
System.Data.SQLite.SQLiteParameter.ParameterName.html
System.Data.SQLite.SQLiteParameter.Size.html
System.Data.SQLite.SQLiteParameter.SourceColumn.html
System.Data.SQLite.SQLiteParameter.SourceColumnNullMapping.html
System.Data.SQLite.SQLiteParameter.SourceVersion.html
System.Data.SQLite.SQLiteParameter.Value.html
System.Data.SQLite.SQLiteParameterMethods.html
System.Data.SQLite.SQLiteParameter.CopyTo.html
System.Data.SQLite.SQLiteParameter.ResetDbType.html
System.Data.SQLite.SQLiteParameterCollection.html
System.Data.SQLite.SQLiteParameterCollectionMembers.html
System.Data.SQLite.SQLiteParameterCollectionProperties.html
System.Data.SQLite.SQLiteParameterCollection.Count.html
System.Data.SQLite.SQLiteParameterCollection.IsFixedSize.html
System.Data.SQLite.SQLiteParameterCollection.IsReadOnly.html
System.Data.SQLite.SQLiteParameterCollection.IsSynchronized.html
System.Data.SQLite.SQLiteParameterCollection.SyncRoot.html
System.Data.SQLite.SQLiteParameterCollectionMethods.html
System.Data.SQLite.SQLiteParameterCollection.Add_overloads.html
System.Data.SQLite.SQLiteParameterCollection.Add_overload_4.html
System.Data.SQLite.SQLiteParameterCollection.Add_overload_5.html
System.Data.SQLite.SQLiteParameterCollection.Add_overload_3.html
System.Data.SQLite.SQLiteParameterCollection.Add_overload_2.html
System.Data.SQLite.SQLiteParameterCollection.Add_overload_1.html
System.Data.SQLite.SQLiteParameterCollection.AddRange_overloads.html
System.Data.SQLite.SQLiteParameterCollection.AddRange_overload_2.html
System.Data.SQLite.SQLiteParameterCollection.AddRange_overload_1.html
System.Data.SQLite.SQLiteParameterCollection.Clear.html
System.Data.SQLite.SQLiteParameterCollection.Contains_overloads.html
System.Data.SQLite.SQLiteParameterCollection.Contains_overload_2.html
System.Data.SQLite.SQLiteParameterCollection.Contains_overload_1.html
System.Data.SQLite.SQLiteParameterCollection.CopyTo.html
System.Data.SQLite.SQLiteParameterCollection.GetEnumerator.html
System.Data.SQLite.SQLiteParameterCollection.IndexOf_overloads.html
System.Data.SQLite.SQLiteParameterCollection.IndexOf_overload_2.html
System.Data.SQLite.SQLiteParameterCollection.IndexOf_overload_1.html
System.Data.SQLite.SQLiteParameterCollection.Insert.html
System.Data.SQLite.SQLiteParameterCollection.Remove.html
System.Data.SQLite.SQLiteParameterCollection.RemoveAt_overloads.html
System.Data.SQLite.SQLiteParameterCollection.RemoveAt_overload_2.html
System.Data.SQLite.SQLiteParameterCollection.RemoveAt_overload_1.html
System.Data.SQLite.SQLiteTransaction.html
System.Data.SQLite.SQLiteTransactionMembers.html
System.Data.SQLite.SQLiteTransactionProperties.html
System.Data.SQLite.SQLiteTransaction.IsolationLevel.html
System.Data.SQLite.SQLiteTransactionMethods.html
System.Data.SQLite.SQLiteTransaction.Commit.html
System.Data.SQLite.SQLiteTransaction.Dispose.html
System.Data.SQLite.SQLiteTransaction.Rollback.html
System.Data.SQLite.SyncMode.html
System.Data.SQLite.TypeAffinity.html
Compiling HTML Help file...
Compiling Html Help file
Microsoft HTML Help Compiler 4.74.8702

Compiling c:\src\SQLite.NET\Doc\ndoc_msdn_temp\SQLite.NET.chm


Compile time: 0 minutes, 3 seconds
233	Topics
1,346	Local links
0	Internet links
8	Graphics


Created c:\src\SQLite.NET\Doc\ndoc_msdn_temp\SQLite.NET.chm, 138,849 bytes
Compression decreased file by 749,742 bytes.

Html Help compile complete
Done.
